<?xml version="1.0" encoding="UTF-8"?>
<!-- Generated by org.testng.reporters.JUnitReportReporter -->
<testsuite skipped="0" hostname="SreenidhiRai-PC" name="com.org.learningMaven.HelloWorldTest" tests="2" failures="0" timestamp="25 Aug 2018 17:18:27 GMT" time="0.050" errors="0">
  <testcase name="Login" time="0.048" classname="com.org.learningMaven.HelloWorldTest"/>
  <testcase name="Login1" time="0.002" classname="com.org.learningMaven.HelloWorldTest"/>
</testsuite> <!-- com.org.learningMaven.HelloWorldTest -->
